Using pre-set license
Built from '2020.3/staging' branch; Version is '2020.3.6f1 (338bb68529b2) revision 3378102'; Using compiler version '192528614'; Build Type 'Release'
OS: 'Windows 10 Pro; OS build 18363.1500; Version 1909; 64bit' Language: 'en' Physical Memory: 8107 MB
BatchMode: 1, IsHumanControllingUs: 0, StartBugReporterOnCrash: 0, Is64bit: 1, IsPro: 0

 COMMAND LINE ARGUMENTS:
C:\Program Files\2018.4.34f1\Unity\Editor\Unity.exe
-adb2
-batchMode
-noUpm
-name
AssetImportWorker0
-projectPath
C:/Users/Tengis/Documents/Current/Thesis/Test Unity projects/For URDF importer latest unity
-logFile
Logs/AssetImportWorker0.log
-srvPort
53599
Successfully changed project path to: C:/Users/Tengis/Documents/Current/Thesis/Test Unity projects/For URDF importer latest unity
C:/Users/Tengis/Documents/Current/Thesis/Test Unity projects/For URDF importer latest unity
Using Asset Import Pipeline V2.
Refreshing native plugins compatible for Editor in 58.97 ms, found 3 plugins.
Preloading 1 native plugins for Editor in 1.80 ms.
Initialize engine version: 2020.3.6f1 (338bb68529b2)
[Subsystems] Discovering subsystems at path C:/Program Files/2018.4.34f1/Unity/Editor/Data/Resources/UnitySubsystems
[Subsystems] Discovering subsystems at path C:/Users/Tengis/Documents/Current/Thesis/Test Unity projects/For URDF importer latest unity/Assets
GfxDevice: creating device client; threaded=0
Direct3D:
    Version:  Direct3D 11.0 [level 11.1]
    Renderer: Intel(R) HD Graphics 5500 (ID=0x1616)
    Vendor:   
    VRAM:     4053 MB
    Driver:   20.19.15.4835
Shader 'PointClouds/PointSplat': fallback shader 'PointClouds/PointSplatLegacy' not found
Initialize mono
Mono path[0] = 'C:/Program Files/2018.4.34f1/Unity/Editor/Data/Managed'
Mono path[1] = 'C:/Program Files/2018.4.34f1/Unity/Editor/Data/MonoBleedingEdge/lib/mono/unityjit'
Mono config path = 'C:/Program Files/2018.4.34f1/Unity/Editor/Data/MonoBleedingEdge/etc'
Using monoOptions --debugger-agent=transport=dt_socket,embedding=1,server=y,suspend=n,address=127.0.0.1:56596
Begin MonoManager ReloadAssembly
Registering precompiled unity dll's ...
Register platform support module: C:/Program Files/2018.4.34f1/Unity/Editor/Data/PlaybackEngines/WindowsStandaloneSupport/UnityEditor.WindowsStandalone.Extensions.dll
Registered in 0.002272 seconds.
Native extension for WindowsStandalone target not found
Refreshing native plugins compatible for Editor in 40.67 ms, found 3 plugins.
Preloading 1 native plugins for Editor in 0.08 ms.
Mono: successfully reloaded assembly
- Completed reload, in  2.420 seconds
Platform modules already initialized, skipping
Registering precompiled user dll's ...
Registered in 0.006956 seconds.
Begin MonoManager ReloadAssembly
Native extension for WindowsStandalone target not found
Refreshing native plugins compatible for Editor in 0.54 ms, found 3 plugins.
Preloading 1 native plugins for Editor in 0.11 ms.
System.NullReferenceException: Object reference not set to an instance of an object
  at Vuforia.EditorClasses.ExtensionTypeProvider.GetVuforiaPackageAbsPath () [0x0004a] in <d3e3611e09164266b01b2e2ee0bae4b4>:0 
  at Vuforia.EditorClasses.ExtensionTypeProvider.IsPackageManager () [0x00000] in <d3e3611e09164266b01b2e2ee0bae4b4>:0 
  at Vuforia.EditorClasses.ExtensionTypeProvider.ResolvePluginType () [0x00009] in <d3e3611e09164266b01b2e2ee0bae4b4>:0 
  at Vuforia.EditorClasses.ExtensionTypeProvider.GetPluginType () [0x0000c] in <d3e3611e09164266b01b2e2ee0bae4b4>:0 
  at Vuforia.EditorClasses.VuforiaUtilities.IsVuforiaEnabledInPlayerSettings () [0x00000] in <d3e3611e09164266b01b2e2ee0bae4b4>:0 
  at VuforiaEnabledObserver..cctor () [0x00000] in <d3e3611e09164266b01b2e2ee0bae4b4>:0 
UnityEngine.StackTraceUtility:ExtractStackTrace ()
UnityEngine.DebugLogHandler:LogFormat (UnityEngine.LogType,UnityEngine.Object,string,object[])
UnityEngine.Logger:Log (UnityEngine.LogType,object)
UnityEngine.Debug:LogError (object)
UnityEditor.EditorAssemblies:ProcessInitializeOnLoadAttributes (System.Type[])

System.NullReferenceException: Object reference not set to an instance of an object
  at Vuforia.EditorClasses.ExtensionTypeProvider.GetVuforiaPackageAbsPath () [0x0004a] in <d3e3611e09164266b01b2e2ee0bae4b4>:0 
  at Vuforia.EditorClasses.ExtensionTypeProvider.IsPackageManager () [0x00000] in <d3e3611e09164266b01b2e2ee0bae4b4>:0 
  at Vuforia.EditorClasses.ExtensionTypeProvider.ResolvePluginType () [0x00009] in <d3e3611e09164266b01b2e2ee0bae4b4>:0 
  at Vuforia.EditorClasses.ExtensionTypeProvider.GetPluginType () [0x0000c] in <d3e3611e09164266b01b2e2ee0bae4b4>:0 
  at Vuforia.EditorClasses.VuforiaUtilities.IsVuforiaEnabledInPlayerSettings () [0x00000] in <d3e3611e09164266b01b2e2ee0bae4b4>:0 
  at Vuforia.EditorClasses.InitializeOnLoadVuforiaTaskRunner..cctor () [0x00015] in <d3e3611e09164266b01b2e2ee0bae4b4>:0 
UnityEngine.StackTraceUtility:ExtractStackTrace ()
UnityEngine.DebugLogHandler:LogFormat (UnityEngine.LogType,UnityEngine.Object,string,object[])
UnityEngine.Logger:Log (UnityEngine.LogType,object)
UnityEngine.Debug:LogError (object)
UnityEditor.EditorAssemblies:ProcessInitializeOnLoadAttributes (System.Type[])

Mono: successfully reloaded assembly
- Completed reload, in  1.237 seconds
Platform modules already initialized, skipping
========================================================================
Worker process is ready to serve import requests
Shader 'PointClouds/PointSplat': fallback shader 'PointClouds/PointSplatLegacy' not found
Launched and connected shader compiler UnityShaderCompiler.exe after 0.07 seconds
Refreshing native plugins compatible for Editor in 0.84 ms, found 3 plugins.
Preloading 1 native plugins for Editor in 0.14 ms.
Unloading 1248 Unused Serialized files (Serialized files now loaded: 0)
System memory in use before: 64.2 MB.
System memory in use after: 64.2 MB.

Unloading 41 unused Assets to reduce memory usage. Loaded Objects now: 1942.
Total: 2.397300 ms (FindLiveObjects: 0.218400 ms CreateObjectMapping: 0.097000 ms MarkObjects: 1.976000 ms  DeleteObjects: 0.104900 ms)

========================================================================
Received Import Request.
  path: Assets/kuka_kr5_arc.prefab
  artifactKey: Guid(5c1ac0c83f76b4f4f8fc6669dd136681) Importer(815301076,1909f56bfc062723c751e8b465ee728b)
Start importing Assets/kuka_kr5_arc.prefab using Guid(5c1ac0c83f76b4f4f8fc6669dd136681) Importer(815301076,1909f56bfc062723c751e8b465ee728b)  -> (artifact id: '80d87b79944c3fa0c678c8845c9d4ee4') in 0.064128 seconds
  Import took 0.068274 seconds .

========================================================================
Received Import Request.
  Time since last request: 53.155313 seconds.
  path: Assets/Resources/VuforiaConfiguration.asset
  artifactKey: Guid(1292e502d7bed3e4a985a85bd51dd3c2) Importer(815301076,1909f56bfc062723c751e8b465ee728b)
Start importing Assets/Resources/VuforiaConfiguration.asset using Guid(1292e502d7bed3e4a985a85bd51dd3c2) Importer(815301076,1909f56bfc062723c751e8b465ee728b)  -> (artifact id: '7f7f35ca2ca15402a90c1119901cf218') in 0.020030 seconds
  Import took 0.024658 seconds .

========================================================================
Received Import Request.
  Time since last request: 0.041139 seconds.
  path: Assets/Resources/VuforiaConfiguration.asset
  artifactKey: Guid(1292e502d7bed3e4a985a85bd51dd3c2) Importer(815301076,1909f56bfc062723c751e8b465ee728b)
Start importing Assets/Resources/VuforiaConfiguration.asset using Guid(1292e502d7bed3e4a985a85bd51dd3c2) Importer(815301076,1909f56bfc062723c751e8b465ee728b)  -> (artifact id: '7f7f35ca2ca15402a90c1119901cf218') in 0.006783 seconds
  Import took 0.011338 seconds .

========================================================================
Received Import Request.
  Time since last request: 46.837328 seconds.
  path: Assets/Resources/VuforiaConfiguration.asset
  artifactKey: Guid(1292e502d7bed3e4a985a85bd51dd3c2) Importer(815301076,1909f56bfc062723c751e8b465ee728b)
Start importing Assets/Resources/VuforiaConfiguration.asset using Guid(1292e502d7bed3e4a985a85bd51dd3c2) Importer(815301076,1909f56bfc062723c751e8b465ee728b)  -> (artifact id: '56b9c5c9a475ba4d82f0cd047ac1705c') in 0.005725 seconds
  Import took 0.009766 seconds .

AssetImportWorkerClient::OnTransportError - code=2 error=End of file
